<?xml version="1.0" encoding="UTF-8"?>
<testsuites name="Regression" time="35" tests="1" failures="0" errors="0">
   <testsuite name="Regression" tests="1" failures="0" errors="0" time="35" timestamp="2018-09-04 18:59:40" hostname="tapan - AARUSHsIDEAPAD" id="Test Suites/Regression">
      <properties>
         <property name="deviceName" value=""/>
         <property name="devicePlatform" value=""/>
         <property name="logFolder" value="C:\\Users\\tapan.LAPTOP-L18RHV6N\\Katalon Studio\\XeroProject\\Reports\\Regression\\20180904_185932"/>
         <property name="logFiles" value="C:\\Users\\tapan.LAPTOP-L18RHV6N\\Katalon Studio\\XeroProject\\Reports\\Regression\\20180904_185932\\execution0.log"/>
         <property name="attachments" value=""/>
         <property name="hostName" value="tapan - AARUSHsIDEAPAD"/>
         <property name="os" value="Windows 10 64bit"/>
         <property name="katalonVersion" value="5.6.3.1"/>
         <property name="browser" value="Chrome 68.0.3440.106"/>
         <property name="hostAddress" value="192.168.137.1"/>
         <property name="sessionId" value="cb7feea5b77d20bd5476f8dd4b328547"/>
         <property name="seleniumVersion" value="3.7.1"/>
         <property name="proxyInformation" value="ProxyInformation{proxyOption=NO_PROXY, proxyServerType=HTTP, password=, proxyServerAddress=, proxyServerPort=0}"/>
         <property name="platform" value="Windows 10"/>
      </properties>
      <testcase name="Test Cases/Tests/Add Bank Account/01_I want to be able to add an ANZ(NZ) bank account inside Xero Organisation" classname="Test Cases/Tests/Add Bank Account/01_I want to be able to add an ANZ(NZ) bank account inside Xero Organisation" status="PASSED">
         <system-out><![CDATA[2018-09-04 18:59:40 - [TEST_CASE][PASSED] - Test Cases/Tests/Add Bank Account/01_I want to be able to add an ANZ(NZ) bank account inside Xero Organisation: Test Cases/Tests/Add Bank Account/01_I want to be able to add an ANZ(NZ) bank account inside Xero Organisation

2018-09-04 18:59:40 - [TEST_STEP][PASSED] - Start listener action : beforeTestcase: Navigate to 'https://www.xero.com/au/' successfully

2018-09-04 18:59:40 - [TEST_STEP][PASSED] - openBrowser: Browser is opened with url: ''

2018-09-04 18:59:44 - [MESSAGE][PASSED] - Browser is opened with url: ''

2018-09-04 18:59:44 - [TEST_STEP][PASSED] - maximizeWindow: Current window maximized

2018-09-04 18:59:45 - [MESSAGE][PASSED] - Current window maximized

2018-09-04 18:59:45 - [TEST_STEP][PASSED] - navigateToUrl: Navigate to 'https://www.xero.com/au/' successfully

2018-09-04 18:59:50 - [MESSAGE][PASSED] - Navigate to 'https://www.xero.com/au/' successfully

2018-09-04 18:59:50 - [TEST_STEP][PASSED] - comment: Call the login Test case

2018-09-04 18:59:50 - [TEST_STEP][PASSED] - callTestCase: Call Test Case 'Test Cases/Tests/Helper Test Cases/Login with username and encrypted password specified in GlobalVariable' successfully

2018-09-04 18:59:50 - [TEST_CASE][PASSED] - Test Cases/Tests/Helper Test Cases/Login with username and encrypted password specified in GlobalVariable: Test Cases/Tests/Helper Test Cases/Login with username and encrypted password specified in GlobalVariable

2018-09-04 18:59:50 - [TEST_STEP][PASSED] - waitForElementVisible: Object 'Object Repository/Page_Beautiful Business  Accounting/dd_Beautiful business' is visible

2018-09-04 18:59:50 - [MESSAGE][PASSED] - Object 'Object Repository/Page_Beautiful Business  Accounting/dd_Beautiful business' is visible

2018-09-04 18:59:50 - [TEST_STEP][PASSED] - click: Object: 'Object Repository/Page_Beautiful Business  Accounting/a_Login' is clicked on

2018-09-04 18:59:52 - [MESSAGE][PASSED] - Object: 'Object Repository/Page_Beautiful Business  Accounting/a_Login' is clicked on

2018-09-04 18:59:52 - [TEST_STEP][PASSED] - waitForElementVisible: Object 'Object Repository/Page_Login  Xero Accounting Softwar/input_userName' is visible

2018-09-04 18:59:53 - [MESSAGE][PASSED] - Object 'Object Repository/Page_Login  Xero Accounting Softwar/input_userName' is visible

2018-09-04 18:59:53 - [TEST_STEP][PASSED] - sendKeys: Keys 'tapanagkumar@gmail.com' sent to object: 'Object Repository/Page_Login  Xero Accounting Softwar/input_userName'

2018-09-04 18:59:53 - [MESSAGE][PASSED] - Keys 'tapanagkumar@gmail.com' sent to object: 'Object Repository/Page_Login  Xero Accounting Softwar/input_userName'

2018-09-04 18:59:53 - [TEST_STEP][PASSED] - setEncryptedText: Text ****** has been set on object 'Object Repository/Page_Login  Xero Accounting Softwar/input_password'

2018-09-04 18:59:53 - [MESSAGE][PASSED] - Text ****** has been set on object 'Object Repository/Page_Login  Xero Accounting Softwar/input_password'

2018-09-04 18:59:53 - [TEST_STEP][PASSED] - click: Object: 'Object Repository/Page_Login  Xero Accounting Softwar/button_Login' is clicked on

2018-09-04 18:59:54 - [MESSAGE][PASSED] - Object: 'Object Repository/Page_Login  Xero Accounting Softwar/button_Login' is clicked on

2018-09-04 18:59:54 - [MESSAGE][PASSED] - Call Test Case 'Test Cases/Tests/Helper Test Cases/Login with username and encrypted password specified in GlobalVariable' successfully

2018-09-04 18:59:54 - [TEST_STEP][PASSED] - comment: Verify if the UI shows two step authentication screen, If yes, click the Not now button

2018-09-04 18:59:54 - [TEST_STEP][PASSED] - Statement - If (com.kms.katalon.core.webui.keyword.WebUiBuiltInKeywords.verifyElementPresent(com.kms.katalon.core.testobject.ObjectRepository.findTestObject(Page_Login  Xero Accounting Softwar/Set up two-step authenticat), 20)): Object: 'Object Repository/Page_Login  Xero Accounting Softwar/button_Not now' is clicked on

2018-09-04 18:59:54 - [MESSAGE][PASSED] - Object 'Object Repository/Page_Login  Xero Accounting Softwar/Set up two-step authenticat' is present

2018-09-04 18:59:54 - [TEST_STEP][PASSED] - click: Object: 'Object Repository/Page_Login  Xero Accounting Softwar/button_Not now' is clicked on

2018-09-04 18:59:59 - [MESSAGE][PASSED] - Object: 'Object Repository/Page_Login  Xero Accounting Softwar/button_Not now' is clicked on

2018-09-04 18:59:59 - [TEST_STEP][PASSED] - callTestCase: Call Test Case 'Test Cases/Tests/Helper Test Cases/Navigate to Bank Accounts Page' successfully

2018-09-04 18:59:59 - [TEST_CASE][PASSED] - Test Cases/Tests/Helper Test Cases/Navigate to Bank Accounts Page: Test Cases/Tests/Helper Test Cases/Navigate to Bank Accounts Page

2018-09-04 18:59:59 - [TEST_STEP][PASSED] - click: Object: 'Object Repository/Page_Xero  Dashboard  Test/a_Accounts' is clicked on

2018-09-04 19:00:00 - [MESSAGE][PASSED] - Object: 'Object Repository/Page_Xero  Dashboard  Test/a_Accounts' is clicked on

2018-09-04 19:00:00 - [TEST_STEP][PASSED] - click: Object: 'Object Repository/Page_Xero  Dashboard  Test/a_Bank Accounts' is clicked on

2018-09-04 19:00:03 - [MESSAGE][PASSED] - Object: 'Object Repository/Page_Xero  Dashboard  Test/a_Bank Accounts' is clicked on

2018-09-04 19:00:03 - [MESSAGE][PASSED] - Call Test Case 'Test Cases/Tests/Helper Test Cases/Navigate to Bank Accounts Page' successfully

2018-09-04 19:00:03 - [TEST_STEP][PASSED] - callTestCase: Call Test Case 'Test Cases/Tests/Helper Test Cases/Add a Bank Account' successfully

2018-09-04 19:00:03 - [TEST_CASE][PASSED] - Test Cases/Tests/Helper Test Cases/Add a Bank Account: Test Cases/Tests/Helper Test Cases/Add a Bank Account

2018-09-04 19:00:03 - [TEST_STEP][PASSED] - Statement - faker = new com.github.javafaker.Faker(): null

2018-09-04 19:00:03 - [TEST_STEP][PASSED] - click: Object: 'Object Repository/Page_Xero  Bank Accounts  Test/Add Bank Account' is clicked on

2018-09-04 19:00:05 - [MESSAGE][PASSED] - Object: 'Object Repository/Page_Xero  Bank Accounts  Test/Add Bank Account' is clicked on

2018-09-04 19:00:05 - [TEST_STEP][PASSED] - waitForElementVisible: Object 'Object Repository/Page_Xero  Find your bank  Test/Find your bank' is visible

2018-09-04 19:00:06 - [MESSAGE][PASSED] - Object 'Object Repository/Page_Xero  Find your bank  Test/Find your bank' is visible

2018-09-04 19:00:06 - [TEST_STEP][PASSED] - verifyTextPresent: Text 'Find your bank' is present on page 

2018-09-04 19:00:06 - [MESSAGE][PASSED] - Text 'Find your bank' is present on page 

2018-09-04 19:00:06 - [TEST_STEP][PASSED] - setText: Text 'ANZ (AU)' is set on object 'Object Repository/Page_Xero  Find your bank  Test/Search Bank'

2018-09-04 19:00:06 - [MESSAGE][PASSED] - Text 'ANZ (AU)' is set on object 'Object Repository/Page_Xero  Find your bank  Test/Search Bank'

2018-09-04 19:00:06 - [TEST_STEP][PASSED] - waitForElementClickable: Object 'Object Repository/Page_Xero  Find your bank  Test/Add Bank' is clickable

2018-09-04 19:00:07 - [MESSAGE][PASSED] - Object 'Object Repository/Page_Xero  Find your bank  Test/Add Bank' is clickable

2018-09-04 19:00:07 - [TEST_STEP][PASSED] - click: Object: 'Object Repository/Page_Xero  Find your bank  Test/Add Bank' is clicked on

2018-09-04 19:00:07 - [MESSAGE][PASSED] - Object: 'Object Repository/Page_Xero  Find your bank  Test/Add Bank' is clicked on

2018-09-04 19:00:07 - [TEST_STEP][PASSED] - waitForElementVisible: Object 'Object Repository/Page_Xero  Enter your ANZ (AU) acco/input_accountname' is visible

2018-09-04 19:00:07 - [MESSAGE][WARNING] - Timeout '0' is invalid. Using default page load timeout: '30'

2018-09-04 19:00:08 - [MESSAGE][PASSED] - Object 'Object Repository/Page_Xero  Enter your ANZ (AU) acco/input_accountname' is visible

2018-09-04 19:00:08 - [TEST_STEP][PASSED] - Statement - name = faker.name().firstName(): null

2018-09-04 19:00:08 - [TEST_STEP][PASSED] - setText: Text 'Ines`s Account' is set on object 'Object Repository/Page_Xero  Enter your ANZ (AU) acco/input_accountname'

2018-09-04 19:00:08 - [MESSAGE][PASSED] - Text 'Ines`s Account' is set on object 'Object Repository/Page_Xero  Enter your ANZ (AU) acco/input_accountname'

2018-09-04 19:00:08 - [TEST_STEP][PASSED] - click: Object: 'Object Repository/Page_Xero  Enter your ANZ (AU) acco/input_accounttype' is clicked on

2018-09-04 19:00:08 - [MESSAGE][PASSED] - Object: 'Object Repository/Page_Xero  Enter your ANZ (AU) acco/input_accounttype' is clicked on

2018-09-04 19:00:08 - [TEST_STEP][PASSED] - click: Object: 'Object Repository/Page_Xero  Enter your ANZ (AU) acco/Everyday (day-to-day)' is clicked on

2018-09-04 19:00:08 - [MESSAGE][PASSED] - Object: 'Object Repository/Page_Xero  Enter your ANZ (AU) acco/Everyday (day-to-day)' is clicked on

2018-09-04 19:00:08 - [TEST_STEP][PASSED] - Statement - generator = new java.util.Random(): null

2018-09-04 19:00:08 - [TEST_STEP][PASSED] - Statement - num = generator.nextInt(900000) + 100000: null

2018-09-04 19:00:08 - [TEST_STEP][PASSED] - Statement - BSB = java.lang.Integer.toString(num): null

2018-09-04 19:00:08 - [TEST_STEP][PASSED] - click: Object: 'Object Repository/Page_Xero  Enter your ANZ (AU) acco/input_branchnumber' is clicked on

2018-09-04 19:00:08 - [MESSAGE][PASSED] - Object: 'Object Repository/Page_Xero  Enter your ANZ (AU) acco/input_branchnumber' is clicked on

2018-09-04 19:00:08 - [TEST_STEP][PASSED] - setText: Text '611349' is set on object 'Object Repository/Page_Xero  Enter your ANZ (AU) acco/input_branchnumber'

2018-09-04 19:00:08 - [MESSAGE][PASSED] - Text '611349' is set on object 'Object Repository/Page_Xero  Enter your ANZ (AU) acco/input_branchnumber'

2018-09-04 19:00:08 - [TEST_STEP][PASSED] - setText: Text '611349' is set on object 'Object Repository/Page_Xero  Enter your ANZ (AU) acco/input_accountnumber'

2018-09-04 19:00:09 - [MESSAGE][PASSED] - Text '611349' is set on object 'Object Repository/Page_Xero  Enter your ANZ (AU) acco/input_accountnumber'

2018-09-04 19:00:09 - [TEST_STEP][PASSED] - click: Object: 'Object Repository/Page_Xero  Enter your ANZ (AU) acco/Continue' is clicked on

2018-09-04 19:00:09 - [MESSAGE][PASSED] - Object: 'Object Repository/Page_Xero  Enter your ANZ (AU) acco/Continue' is clicked on

2018-09-04 19:00:09 - [TEST_STEP][PASSED] - waitForElementVisible: Object 'Object Repository/Page_Xero  Automatically import you/Automatically import your transactions' is visible

2018-09-04 19:00:11 - [MESSAGE][PASSED] - Object 'Object Repository/Page_Xero  Automatically import you/Automatically import your transactions' is visible

2018-09-04 19:00:11 - [TEST_STEP][PASSED] - verifyTextPresent: Text 'Automatically import your transactions' is present on page 

2018-09-04 19:00:11 - [MESSAGE][PASSED] - Text 'Automatically import your transactions' is present on page 

2018-09-04 19:00:11 - [TEST_STEP][PASSED] - click: Object: 'Object Repository/Page_Xero  Automatically import you/Skip Automatically Import your transactions' is clicked on

2018-09-04 19:00:11 - [MESSAGE][PASSED] - Object: 'Object Repository/Page_Xero  Automatically import you/Skip Automatically Import your transactions' is clicked on

2018-09-04 19:00:11 - [TEST_STEP][PASSED] - waitForElementVisible: Object 'Object Repository/Page_Xero  Bank Accounts  Test/Account added notify' is visible

2018-09-04 19:00:14 - [MESSAGE][PASSED] - Object 'Object Repository/Page_Xero  Bank Accounts  Test/Account added notify' is visible

2018-09-04 19:00:14 - [TEST_STEP][PASSED] - verifyTextPresent: Text 'has been added.' is present on page 

2018-09-04 19:00:14 - [MESSAGE][PASSED] - Text 'has been added.' is present on page 

2018-09-04 19:00:14 - [MESSAGE][PASSED] - Call Test Case 'Test Cases/Tests/Helper Test Cases/Add a Bank Account' successfully

2018-09-04 19:00:14 - [TEST_STEP][PASSED] - Start listener action : afterTestcase: Browser is closed

2018-09-04 19:00:14 - [TEST_STEP][PASSED] - closeBrowser: Browser is closed

2018-09-04 19:00:15 - [MESSAGE][PASSED] - Browser is closed]]></system-out>
         <system-err><![CDATA[]]></system-err>
      </testcase>
      <system-out><![CDATA[2018-09-04 18:59:40 - [TEST_SUITE][PASSED] - Regression: Test Cases/Tests/Add Bank Account/01_I want to be able to add an ANZ(NZ) bank account inside Xero Organisation]]></system-out>
      <system-err><![CDATA[]]></system-err>
   </testsuite>
</testsuites>
